{"C:\\Users\\kibernum\\Desktop\\training\\back-de-cero\\src\\components\\hero\\hero.controller.js": {"path":"C:\\Users\\kibernum\\Desktop\\training\\back-de-cero\\src\\components\\hero\\hero.controller.js","statementMap":{"0":{"start":{"line":2,"column":49},"end":{"line":2,"column":73}},"1":{"start":{"line":4,"column":0},"end":{"line":12,"column":1}},"2":{"start":{"line":6,"column":4},"end":{"line":11,"column":5}},"3":{"start":{"line":7,"column":21},"end":{"line":7,"column":43}},"4":{"start":{"line":8,"column":4},"end":{"line":8,"column":42}},"5":{"start":{"line":10,"column":8},"end":{"line":10,"column":64}},"6":{"start":{"line":14,"column":0},"end":{"line":21,"column":1}},"7":{"start":{"line":15,"column":4},"end":{"line":20,"column":5}},"8":{"start":{"line":16,"column":25},"end":{"line":16,"column":47}},"9":{"start":{"line":17,"column":8},"end":{"line":17,"column":24}},"10":{"start":{"line":19,"column":8},"end":{"line":19,"column":64}},"11":{"start":{"line":23,"column":0},"end":{"line":30,"column":1}},"12":{"start":{"line":24,"column":4},"end":{"line":29,"column":5}},"13":{"start":{"line":25,"column":24},"end":{"line":25,"column":43}},"14":{"start":{"line":26,"column":8},"end":{"line":26,"column":46}},"15":{"start":{"line":28,"column":8},"end":{"line":28,"column":64}},"16":{"start":{"line":32,"column":0},"end":{"line":39,"column":1}},"17":{"start":{"line":33,"column":4},"end":{"line":38,"column":5}},"18":{"start":{"line":34,"column":24},"end":{"line":34,"column":45}},"19":{"start":{"line":35,"column":8},"end":{"line":35,"column":24}},"20":{"start":{"line":37,"column":8},"end":{"line":37,"column":64}},"21":{"start":{"line":41,"column":0},"end":{"line":48,"column":1}},"22":{"start":{"line":42,"column":4},"end":{"line":47,"column":5}},"23":{"start":{"line":43,"column":24},"end":{"line":43,"column":54}},"24":{"start":{"line":44,"column":8},"end":{"line":44,"column":24}},"25":{"start":{"line":46,"column":8},"end":{"line":46,"column":43}}},"fnMap":{"0":{"name":"(anonymous_0)","decl":{"start":{"line":4,"column":16},"end":{"line":4,"column":17}},"loc":{"start":{"line":4,"column":39},"end":{"line":12,"column":1}},"line":4},"1":{"name":"(anonymous_1)","decl":{"start":{"line":14,"column":16},"end":{"line":14,"column":17}},"loc":{"start":{"line":14,"column":38},"end":{"line":21,"column":1}},"line":14},"2":{"name":"(anonymous_2)","decl":{"start":{"line":23,"column":14},"end":{"line":23,"column":15}},"loc":{"start":{"line":23,"column":38},"end":{"line":30,"column":1}},"line":23},"3":{"name":"(anonymous_3)","decl":{"start":{"line":32,"column":16},"end":{"line":32,"column":17}},"loc":{"start":{"line":32,"column":40},"end":{"line":39,"column":1}},"line":32},"4":{"name":"(anonymous_4)","decl":{"start":{"line":41,"column":19},"end":{"line":41,"column":20}},"loc":{"start":{"line":41,"column":43},"end":{"line":48,"column":1}},"line":41}},"branchMap":{},"s":{"0":1,"1":1,"2":2,"3":2,"4":1,"5":1,"6":1,"7":2,"8":2,"9":1,"10":1,"11":1,"12":2,"13":2,"14":1,"15":1,"16":1,"17":2,"18":2,"19":1,"20":1,"21":1,"22":2,"23":2,"24":1,"25":1},"f":{"0":2,"1":2,"2":2,"3":2,"4":2},"b":{},"_coverageSchema":"1a1c01bbd47fc00a2c39e90264f33305004495a9","hash":"ba43fa56923f05660eae52f8ab7733f19e0a13e6"}
,"C:\\Users\\kibernum\\Desktop\\training\\back-de-cero\\src\\components\\hero\\hero.model.js": {"path":"C:\\Users\\kibernum\\Desktop\\training\\back-de-cero\\src\\components\\hero\\hero.model.js","statementMap":{"0":{"start":{"line":2,"column":16},"end":{"line":2,"column":35}},"1":{"start":{"line":3,"column":24},"end":{"line":7,"column":2}},"2":{"start":{"line":9,"column":19},"end":{"line":9,"column":66}},"3":{"start":{"line":10,"column":0},"end":{"line":10,"column":26}}},"fnMap":{},"branchMap":{},"s":{"0":3,"1":3,"2":3,"3":3},"f":{},"b":{},"_coverageSchema":"1a1c01bbd47fc00a2c39e90264f33305004495a9","hash":"d235c69b1eda9ca84c7940d0548d69fb9a7903d1"}
,"C:\\Users\\kibernum\\Desktop\\training\\back-de-cero\\src\\components\\hero\\hero.module.js": {"path":"C:\\Users\\kibernum\\Desktop\\training\\back-de-cero\\src\\components\\hero\\hero.module.js","statementMap":{"0":{"start":{"line":2,"column":63},"end":{"line":2,"column":88}},"1":{"start":{"line":4,"column":0},"end":{"line":22,"column":1}},"2":{"start":{"line":6,"column":38},"end":{"line":6,"column":46}},"3":{"start":{"line":7,"column":4},"end":{"line":21,"column":5}},"4":{"start":{"line":9,"column":22},"end":{"line":9,"column":48}},"5":{"start":{"line":11,"column":4},"end":{"line":17,"column":5}},"6":{"start":{"line":12,"column":29},"end":{"line":12,"column":87}},"7":{"start":{"line":13,"column":6},"end":{"line":13,"column":29}},"8":{"start":{"line":15,"column":31},"end":{"line":15,"column":71}},"9":{"start":{"line":16,"column":7},"end":{"line":16,"column":30}},"10":{"start":{"line":20,"column":8},"end":{"line":20,"column":20}},"11":{"start":{"line":25,"column":0},"end":{"line":40,"column":1}},"12":{"start":{"line":27,"column":36},"end":{"line":27,"column":44}},"13":{"start":{"line":28,"column":13},"end":{"line":28,"column":22}},"14":{"start":{"line":29,"column":2},"end":{"line":29,"column":67}},"15":{"start":{"line":29,"column":10},"end":{"line":29,"column":67}},"16":{"start":{"line":31,"column":2},"end":{"line":39,"column":3}},"17":{"start":{"line":32,"column":17},"end":{"line":32,"column":43}},"18":{"start":{"line":33,"column":4},"end":{"line":33,"column":66}},"19":{"start":{"line":33,"column":16},"end":{"line":33,"column":66}},"20":{"start":{"line":35,"column":27},"end":{"line":35,"column":73}},"21":{"start":{"line":36,"column":4},"end":{"line":36,"column":49}},"22":{"start":{"line":38,"column":6},"end":{"line":38,"column":18}},"23":{"start":{"line":42,"column":0},"end":{"line":65,"column":1}},"24":{"start":{"line":43,"column":4},"end":{"line":64,"column":5}},"25":{"start":{"line":44,"column":17},"end":{"line":44,"column":26}},"26":{"start":{"line":45,"column":6},"end":{"line":45,"column":71}},"27":{"start":{"line":45,"column":14},"end":{"line":45,"column":71}},"28":{"start":{"line":47,"column":30},"end":{"line":47,"column":46}},"29":{"start":{"line":48,"column":23},"end":{"line":48,"column":48}},"30":{"start":{"line":49,"column":22},"end":{"line":49,"column":54}},"31":{"start":{"line":51,"column":18},"end":{"line":59,"column":7}},"32":{"start":{"line":60,"column":6},"end":{"line":60,"column":41}},"33":{"start":{"line":62,"column":6},"end":{"line":62,"column":72}},"34":{"start":{"line":62,"column":25},"end":{"line":62,"column":72}},"35":{"start":{"line":63,"column":6},"end":{"line":63,"column":18}},"36":{"start":{"line":67,"column":0},"end":{"line":90,"column":1}},"37":{"start":{"line":68,"column":2},"end":{"line":89,"column":3}},"38":{"start":{"line":69,"column":35},"end":{"line":69,"column":44}},"39":{"start":{"line":70,"column":28},"end":{"line":70,"column":63}},"40":{"start":{"line":71,"column":28},"end":{"line":71,"column":53}},"41":{"start":{"line":72,"column":17},"end":{"line":72,"column":19}},"42":{"start":{"line":74,"column":4},"end":{"line":85,"column":5}},"43":{"start":{"line":76,"column":8},"end":{"line":84,"column":9}},"44":{"start":{"line":86,"column":4},"end":{"line":86,"column":27}},"45":{"start":{"line":88,"column":4},"end":{"line":88,"column":16}},"46":{"start":{"line":92,"column":0},"end":{"line":103,"column":1}},"47":{"start":{"line":94,"column":13},"end":{"line":94,"column":22}},"48":{"start":{"line":95,"column":2},"end":{"line":95,"column":67}},"49":{"start":{"line":95,"column":10},"end":{"line":95,"column":67}},"50":{"start":{"line":97,"column":2},"end":{"line":102,"column":3}},"51":{"start":{"line":98,"column":27},"end":{"line":98,"column":46}},"52":{"start":{"line":99,"column":4},"end":{"line":99,"column":49}},"53":{"start":{"line":101,"column":6},"end":{"line":101,"column":18}}},"fnMap":{"0":{"name":"(anonymous_0)","decl":{"start":{"line":4,"column":14},"end":{"line":4,"column":15}},"loc":{"start":{"line":4,"column":31},"end":{"line":22,"column":1}},"line":4},"1":{"name":"(anonymous_1)","decl":{"start":{"line":25,"column":16},"end":{"line":25,"column":17}},"loc":{"start":{"line":25,"column":33},"end":{"line":40,"column":1}},"line":25},"2":{"name":"(anonymous_2)","decl":{"start":{"line":42,"column":16},"end":{"line":42,"column":17}},"loc":{"start":{"line":42,"column":33},"end":{"line":65,"column":1}},"line":42},"3":{"name":"(anonymous_3)","decl":{"start":{"line":67,"column":16},"end":{"line":67,"column":17}},"loc":{"start":{"line":67,"column":35},"end":{"line":90,"column":1}},"line":67},"4":{"name":"(anonymous_4)","decl":{"start":{"line":92,"column":19},"end":{"line":92,"column":20}},"loc":{"start":{"line":92,"column":42},"end":{"line":103,"column":1}},"line":92}},"branchMap":{"0":{"loc":{"start":{"line":11,"column":4},"end":{"line":17,"column":5}},"type":"if","locations":[{"start":{"line":11,"column":4},"end":{"line":17,"column":5}},{"start":{"line":14,"column":9},"end":{"line":17,"column":5}}],"line":11},"1":{"loc":{"start":{"line":29,"column":2},"end":{"line":29,"column":67}},"type":"if","locations":[{"start":{"line":29,"column":2},"end":{"line":29,"column":67}},{"start":{},"end":{}}],"line":29},"2":{"loc":{"start":{"line":33,"column":4},"end":{"line":33,"column":66}},"type":"if","locations":[{"start":{"line":33,"column":4},"end":{"line":33,"column":66}},{"start":{},"end":{}}],"line":33},"3":{"loc":{"start":{"line":45,"column":6},"end":{"line":45,"column":71}},"type":"if","locations":[{"start":{"line":45,"column":6},"end":{"line":45,"column":71}},{"start":{},"end":{}}],"line":45},"4":{"loc":{"start":{"line":62,"column":6},"end":{"line":62,"column":72}},"type":"if","locations":[{"start":{"line":62,"column":6},"end":{"line":62,"column":72}},{"start":{},"end":{}}],"line":62},"5":{"loc":{"start":{"line":95,"column":2},"end":{"line":95,"column":67}},"type":"if","locations":[{"start":{"line":95,"column":2},"end":{"line":95,"column":67}},{"start":{},"end":{}}],"line":95}},"s":{"0":2,"1":2,"2":4,"3":4,"4":4,"5":3,"6":2,"7":2,"8":1,"9":1,"10":1,"11":2,"12":4,"13":4,"14":4,"15":1,"16":3,"17":3,"18":2,"19":1,"20":1,"21":1,"22":1,"23":2,"24":4,"25":4,"26":4,"27":1,"28":3,"29":1,"30":1,"31":1,"32":1,"33":2,"34":1,"35":1,"36":2,"37":2,"38":2,"39":2,"40":1,"41":1,"42":1,"43":1,"44":1,"45":1,"46":2,"47":3,"48":3,"49":1,"50":2,"51":2,"52":1,"53":1},"f":{"0":4,"1":4,"2":4,"3":2,"4":3},"b":{"0":[2,1],"1":[1,3],"2":[1,1],"3":[1,3],"4":[1,1],"5":[1,2]},"_coverageSchema":"1a1c01bbd47fc00a2c39e90264f33305004495a9","hash":"810c7c4a9d5ce61b9a67e7cb05b1d1aecac58379"}
,"C:\\Users\\kibernum\\Desktop\\training\\back-de-cero\\src\\components\\hero\\hero.service.js": {"path":"C:\\Users\\kibernum\\Desktop\\training\\back-de-cero\\src\\components\\hero\\hero.service.js","statementMap":{"0":{"start":{"line":2,"column":14},"end":{"line":2,"column":30}},"1":{"start":{"line":3,"column":14},"end":{"line":3,"column":37}},"2":{"start":{"line":4,"column":15},"end":{"line":4,"column":58}},"3":{"start":{"line":5,"column":13},"end":{"line":5,"column":47}},"4":{"start":{"line":6,"column":11},"end":{"line":6,"column":45}},"5":{"start":{"line":7,"column":9},"end":{"line":7,"column":12}},"6":{"start":{"line":9,"column":14},"end":{"line":19,"column":1}},"7":{"start":{"line":11,"column":17},"end":{"line":11,"column":72}},"8":{"start":{"line":12,"column":16},"end":{"line":12,"column":102}},"9":{"start":{"line":13,"column":2},"end":{"line":18,"column":3}},"10":{"start":{"line":14,"column":21},"end":{"line":14,"column":41}},"11":{"start":{"line":15,"column":4},"end":{"line":15,"column":20}},"12":{"start":{"line":17,"column":4},"end":{"line":17,"column":16}},"13":{"start":{"line":21,"column":14},"end":{"line":25,"column":1}},"14":{"start":{"line":22,"column":14},"end":{"line":22,"column":83}},"15":{"start":{"line":23,"column":19},"end":{"line":23,"column":39}},"16":{"start":{"line":24,"column":2},"end":{"line":24,"column":18}},"17":{"start":{"line":27,"column":11},"end":{"line":34,"column":1}},"18":{"start":{"line":28,"column":4},"end":{"line":33,"column":5}},"19":{"start":{"line":29,"column":20},"end":{"line":29,"column":44}},"20":{"start":{"line":30,"column":6},"end":{"line":30,"column":21}},"21":{"start":{"line":32,"column":8},"end":{"line":32,"column":20}},"22":{"start":{"line":36,"column":19},"end":{"line":43,"column":1}},"23":{"start":{"line":37,"column":2},"end":{"line":42,"column":3}},"24":{"start":{"line":38,"column":15},"end":{"line":38,"column":48}},"25":{"start":{"line":39,"column":4},"end":{"line":39,"column":16}},"26":{"start":{"line":41,"column":4},"end":{"line":41,"column":16}},"27":{"start":{"line":45,"column":14},"end":{"line":53,"column":1}},"28":{"start":{"line":46,"column":2},"end":{"line":52,"column":3}},"29":{"start":{"line":47,"column":4},"end":{"line":47,"column":44}},"30":{"start":{"line":48,"column":16},"end":{"line":48,"column":40}},"31":{"start":{"line":49,"column":4},"end":{"line":49,"column":16}},"32":{"start":{"line":51,"column":4},"end":{"line":51,"column":16}},"33":{"start":{"line":56,"column":16},"end":{"line":63,"column":1}},"34":{"start":{"line":57,"column":2},"end":{"line":62,"column":3}},"35":{"start":{"line":58,"column":4},"end":{"line":58,"column":39}},"36":{"start":{"line":59,"column":4},"end":{"line":59,"column":36}},"37":{"start":{"line":61,"column":4},"end":{"line":61,"column":16}},"38":{"start":{"line":65,"column":0},"end":{"line":65,"column":68}}},"fnMap":{"0":{"name":"(anonymous_0)","decl":{"start":{"line":9,"column":14},"end":{"line":9,"column":15}},"loc":{"start":{"line":9,"column":52},"end":{"line":19,"column":1}},"line":9},"1":{"name":"(anonymous_1)","decl":{"start":{"line":21,"column":14},"end":{"line":21,"column":15}},"loc":{"start":{"line":21,"column":27},"end":{"line":25,"column":1}},"line":21},"2":{"name":"(anonymous_2)","decl":{"start":{"line":27,"column":11},"end":{"line":27,"column":12}},"loc":{"start":{"line":27,"column":25},"end":{"line":34,"column":1}},"line":27},"3":{"name":"(anonymous_3)","decl":{"start":{"line":36,"column":19},"end":{"line":36,"column":20}},"loc":{"start":{"line":36,"column":31},"end":{"line":43,"column":1}},"line":36},"4":{"name":"(anonymous_4)","decl":{"start":{"line":45,"column":14},"end":{"line":45,"column":15}},"loc":{"start":{"line":45,"column":32},"end":{"line":53,"column":1}},"line":45},"5":{"name":"(anonymous_5)","decl":{"start":{"line":56,"column":16},"end":{"line":56,"column":17}},"loc":{"start":{"line":56,"column":28},"end":{"line":63,"column":1}},"line":56}},"branchMap":{"0":{"loc":{"start":{"line":9,"column":21},"end":{"line":9,"column":29}},"type":"default-arg","locations":[{"start":{"line":9,"column":28},"end":{"line":9,"column":29}}],"line":9},"1":{"loc":{"start":{"line":9,"column":31},"end":{"line":9,"column":48}},"type":"default-arg","locations":[{"start":{"line":9,"column":46},"end":{"line":9,"column":48}}],"line":9},"2":{"loc":{"start":{"line":11,"column":17},"end":{"line":11,"column":72}},"type":"cond-expr","locations":[{"start":{"line":11,"column":33},"end":{"line":11,"column":68}},{"start":{"line":11,"column":70},"end":{"line":11,"column":72}}],"line":11}},"s":{"0":3,"1":3,"2":3,"3":3,"4":3,"5":3,"6":3,"7":3,"8":3,"9":3,"10":3,"11":2,"12":1,"13":3,"14":1,"15":1,"16":1,"17":3,"18":2,"19":2,"20":1,"21":1,"22":3,"23":2,"24":2,"25":1,"26":1,"27":3,"28":2,"29":2,"30":1,"31":1,"32":1,"33":3,"34":2,"35":2,"36":1,"37":1,"38":3},"f":{"0":3,"1":1,"2":2,"3":2,"4":2,"5":2},"b":{"0":[2],"1":[2],"2":[1,2]},"_coverageSchema":"1a1c01bbd47fc00a2c39e90264f33305004495a9","hash":"a766f52ab737e84c696ff03bb617cc6a3f4399a5"}
}
