TN:
SF:src\components\hero\hero.controller.js
FN:4,(anonymous_0)
FN:14,(anonymous_1)
FN:23,(anonymous_2)
FN:32,(anonymous_3)
FN:41,(anonymous_4)
FNF:5
FNH:5
FNDA:2,(anonymous_0)
FNDA:2,(anonymous_1)
FNDA:2,(anonymous_2)
FNDA:2,(anonymous_3)
FNDA:2,(anonymous_4)
DA:2,1
DA:4,1
DA:6,2
DA:7,2
DA:8,1
DA:10,1
DA:14,1
DA:15,2
DA:16,2
DA:17,1
DA:19,1
DA:23,1
DA:24,2
DA:25,2
DA:26,1
DA:28,1
DA:32,1
DA:33,2
DA:34,2
DA:35,1
DA:37,1
DA:41,1
DA:42,2
DA:43,2
DA:44,1
DA:46,1
LF:26
LH:26
BRF:0
BRH:0
end_of_record
TN:
SF:src\components\hero\hero.model.js
FNF:0
FNH:0
DA:2,3
DA:3,3
DA:9,3
DA:10,3
LF:4
LH:4
BRF:0
BRH:0
end_of_record
TN:
SF:src\components\hero\hero.module.js
FN:4,(anonymous_0)
FN:25,(anonymous_1)
FN:42,(anonymous_2)
FN:67,(anonymous_3)
FN:92,(anonymous_4)
FNF:5
FNH:5
FNDA:4,(anonymous_0)
FNDA:4,(anonymous_1)
FNDA:4,(anonymous_2)
FNDA:2,(anonymous_3)
FNDA:3,(anonymous_4)
DA:2,2
DA:4,2
DA:6,4
DA:7,4
DA:9,4
DA:11,3
DA:12,2
DA:13,2
DA:15,1
DA:16,1
DA:20,1
DA:25,2
DA:27,4
DA:28,4
DA:29,4
DA:31,3
DA:32,3
DA:33,2
DA:35,1
DA:36,1
DA:38,1
DA:42,2
DA:43,4
DA:44,4
DA:45,4
DA:47,3
DA:48,1
DA:49,1
DA:51,1
DA:60,1
DA:62,2
DA:63,1
DA:67,2
DA:68,2
DA:69,2
DA:70,2
DA:71,1
DA:72,1
DA:74,1
DA:76,1
DA:86,1
DA:88,1
DA:92,2
DA:94,3
DA:95,3
DA:97,2
DA:98,2
DA:99,1
DA:101,1
LF:49
LH:49
BRDA:11,0,0,2
BRDA:11,0,1,1
BRDA:29,1,0,1
BRDA:29,1,1,3
BRDA:33,2,0,1
BRDA:33,2,1,1
BRDA:45,3,0,1
BRDA:45,3,1,3
BRDA:62,4,0,1
BRDA:62,4,1,1
BRDA:95,5,0,1
BRDA:95,5,1,2
BRF:12
BRH:12
end_of_record
TN:
SF:src\components\hero\hero.service.js
FN:9,(anonymous_0)
FN:21,(anonymous_1)
FN:27,(anonymous_2)
FN:36,(anonymous_3)
FN:45,(anonymous_4)
FN:56,(anonymous_5)
FNF:6
FNH:6
FNDA:3,(anonymous_0)
FNDA:1,(anonymous_1)
FNDA:2,(anonymous_2)
FNDA:2,(anonymous_3)
FNDA:2,(anonymous_4)
FNDA:2,(anonymous_5)
DA:2,3
DA:3,3
DA:4,3
DA:5,3
DA:6,3
DA:7,3
DA:9,3
DA:11,3
DA:12,3
DA:13,3
DA:14,3
DA:15,2
DA:17,1
DA:21,3
DA:22,1
DA:23,1
DA:24,1
DA:27,3
DA:28,2
DA:29,2
DA:30,1
DA:32,1
DA:36,3
DA:37,2
DA:38,2
DA:39,1
DA:41,1
DA:45,3
DA:46,2
DA:47,2
DA:48,1
DA:49,1
DA:51,1
DA:56,3
DA:57,2
DA:58,2
DA:59,1
DA:61,1
DA:65,3
LF:39
LH:39
BRDA:9,0,0,2
BRDA:9,1,0,2
BRDA:11,2,0,1
BRDA:11,2,1,2
BRF:4
BRH:4
end_of_record
